<?xml version="1.0" encoding="UTF-8"?>
<testsuite xmlns:xsi="http://www.w3.org/2001/XMLSchema-instance" xsi:noNamespaceSchemaLocation="https://maven.apache.org/surefire/maven-surefire-plugin/xsd/surefire-test-report.xsd" version="3.0.2" name="veterinaria.vargasvet.service.impl.CitaServiceIntegrationTest" time="10.945" tests="8" errors="0" skipped="0" failures="0">
  <properties>
[...]
</properties>
  <testcase name="reprogramarCitaValidaActualizaFechaYEstado" classname="veterinaria.vargasvet.service.impl.CitaServiceIntegrationTest" time="1.386">
    <system-out><![CDATA[11:55:09.913 [main] INFO org.springframework.test.context.support.AnnotationConfigContextLoaderUtils -- Could not detect default configuration classes for test class [veterinaria.vargasvet.service.impl.CitaServiceIntegrationTest]: CitaServiceIntegrationTest does not declare any static, non-private, non-final, nested classes annotated with @Configuration.
11:55:10.097 [main] INFO org.springframework.boot.test.context.SpringBootTestContextBootstrapper -- Found @SpringBootConfiguration veterinaria.vargasvet.VargasvetApplication for test class veterinaria.vargasvet.service.impl.CitaServiceIntegrationTest

  .   ____          _            __ _ _
 /\\ / ___'_ __ _ _(_)_ __  __ _ \ \ \ \
( ( )\___ | '_ | '_| | '_ \/ _` | \ \ \ \
 \\/  ___)| |_)| | | | | || (_| |  ) ) ) )
  '  |____| .__|_| |_|_| |_\__, | / / / /
 =========|_|==============|___/=/_/_/_/

 :: Spring Boot ::                (v3.4.2)

2026-09-08T11:55:10.575-05:00  INFO 30024 --- [           main] v.v.s.impl.CitaServiceIntegrationTest    : Starting CitaServiceIntegrationTest using Java 22.0.2 with PID 30024 (started by Usuario in C:\Users\Usuario\Downloads\TALLER\Veterinaria)
2026-09-08T11:55:10.577-05:00  INFO 30024 --- [           main] v.v.s.impl.CitaServiceIntegrationTest    : No active profile set, falling back to 1 default profile: "default"
2026-09-08T11:55:11.177-05:00  INFO 30024 --- [           main] .s.d.r.c.RepositoryConfigurationDelegate : Bootstrapping Spring Data JPA repositories in DEFAULT mode.
2026-09-08T11:55:11.489-05:00  INFO 30024 --- [           main] .s.d.r.c.RepositoryConfigurationDelegate : Finished Spring Data repository scanning in 300 ms. Found 46 JPA repository interfaces.
2026-09-08T11:55:11.592-05:00  INFO 30024 --- [           main] beddedDataSourceBeanFactoryPostProcessor : Replacing 'dataSource' DataSource bean with embedded version
2026-09-08T11:55:11.886-05:00  INFO 30024 --- [           main] o.s.j.d.e.EmbeddedDatabaseFactory        : Starting embedded database: url='jdbc:h2:mem:9bdfa0b6-0544-44ee-a095-653e651dfa46;DB_CLOSE_DELAY=-1;DB_CLOSE_ON_EXIT=false', username='sa'
2026-09-08T11:55:12.192-05:00  INFO 30024 --- [           main] o.hibernate.jpa.internal.util.LogHelper  : HHH000204: Processing PersistenceUnitInfo [name: default]
2026-09-08T11:55:12.260-05:00  INFO 30024 --- [           main] org.hibernate.Version                    : HHH000412: Hibernate ORM core version 6.6.5.Final
2026-09-08T11:55:12.299-05:00  INFO 30024 --- [           main] o.h.c.internal.RegionFactoryInitiator    : HHH000026: Second-level cache disabled
2026-09-08T11:55:12.741-05:00  INFO 30024 --- [           main] o.s.o.j.p.SpringPersistenceUnitInfo      : No LoadTimeWeaver setup: ignoring JPA class transformer
2026-09-08T11:55:12.808-05:00  WARN 30024 --- [           main] org.hibernate.orm.deprecation            : HHH90000025: H2Dialect does not need to be specified explicitly using 'hibernate.dialect' (remove the property setting and it will be selected by default)
2026-09-08T11:55:12.828-05:00  INFO 30024 --- [           main] org.hibernate.orm.connections.pooling    : HHH10001005: Database info:
	Database JDBC URL [Connecting through datasource 'org.springframework.jdbc.datasource.embedded.EmbeddedDatabaseFactory$EmbeddedDataSourceProxy@4cb4c4cc']
	Database driver: undefined/unknown
	Database version: 2.3.232
	Autocommit mode: undefined/unknown
	Isolation level: undefined/unknown
	Minimum pool size: undefined/unknown
	Maximum pool size: undefined/unknown
2026-09-08T11:55:14.843-05:00  INFO 30024 --- [           main] o.h.e.t.j.p.i.JtaPlatformInitiator       : HHH000489: No JTA platform available (set 'hibernate.transaction.jta.platform' to enable JTA platform integration)
Hibernate: drop table if exists apoderado cascade 
Hibernate: drop table if exists archivos_clinicos cascade 
Hibernate: drop table if exists audit_logs cascade 
Hibernate: drop table if exists citas cascade 
Hibernate: drop table if exists company cascade 
Hibernate: drop table if exists company_exceptions cascade 
Hibernate: drop table if exists company_operating_hours cascade 
Hibernate: drop table if exists consulta cascade 
Hibernate: drop table if exists control_preventivo cascade 
Hibernate: drop table if exists detalle_cuenta_cita cascade 
Hibernate: drop table if exists diagnosticos cascade 
Hibernate: drop table if exists dispensaciones_medicamento cascade 
Hibernate: drop table if exists email_change_requests cascade 
Hibernate: drop table if exists empleado cascade 
Hibernate: drop table if exists empleado_especialidad cascade 
Hibernate: drop table if exists empleado_servicio cascade 
Hibernate: drop table if exists empleado_tipo_empleado cascade 
Hibernate: drop table if exists especialidad cascade 
Hibernate: drop table if exists historia_clinica cascade 
Hibernate: drop table if exists horario_empleado cascade 
Hibernate: drop table if exists legal_document cascade 
Hibernate: drop table if exists mascota cascade 
Hibernate: drop table if exists movimiento_caja cascade 
Hibernate: drop table if exists password_reset_tokens cascade 
Hibernate: drop table if exists prescripciones cascade 
Hibernate: drop table if exists producto_image cascade 
Hibernate: drop table if exists productos cascade 
Hibernate: drop table if exists purchase_items cascade 
Hibernate: drop table if exists purchases cascade 
Hibernate: drop table if exists raza cascade 
Hibernate: drop table if exists realtime_tickets cascade 
Hibernate: drop table if exists recordatorio_preventivo cascade 
Hibernate: drop table if exists refresh_tokens cascade 
Hibernate: drop table if exists registro_alergias cascade 
Hibernate: drop table if exists registro_desparasitaciones cascade 
Hibernate: drop table if exists registro_peso cascade 
Hibernate: drop table if exists registro_vacunas cascade 
Hibernate: drop table if exists rol_ventana_configuracion cascade 
Hibernate: drop table if exists rol_ventana_permisos cascade 
Hibernate: drop table if exists rol_vista_configuracion cascade 
Hibernate: drop table if exists rol_vista_permisos cascade 
Hibernate: drop table if exists roles cascade 
Hibernate: drop table if exists servicios cascade 
Hibernate: drop table if exists sesion_caja cascade 
Hibernate: drop table if exists thesis_performance_measurements cascade 
Hibernate: drop table if exists tipo_desparasitante cascade 
Hibernate: drop table if exists tipo_empleado cascade 
Hibernate: drop table if exists tipo_vacuna cascade 
Hibernate: drop table if exists tratamientos cascade 
Hibernate: drop table if exists user_consent cascade 
Hibernate: drop table if exists usuario cascade 
Hibernate: drop table if exists usuario_por_rol cascade 
Hibernate: drop table if exists usuario_por_rol_permisos cascade 
Hibernate: drop table if exists ventanas cascade 
Hibernate: drop table if exists vistas cascade 
Hibernate: create table apoderado (user_id integer not null unique, created_at timestamp(6), fecha_modificacion_estado timestamp(6), id bigint generated by default as identity, updated_at timestamp(6), estado_modificado_por varchar(255), numero_documento varchar(255) not null unique, observaciones TEXT, referencias TEXT, genero enum ('FEMENINO','MASCULINO') not null, tipo_documento_identidad enum ('CARNET_EXTRANJERIA','DNI','PASAPORTE') not null, primary key (id))
Hibernate: create table archivos_clinicos (consulta_id bigint not null, created_at timestamp(6), id bigint generated by default as identity, tamanio_bytes bigint, tipo_mime varchar(100), subido_por varchar(150), nombre varchar(200) not null, descripcion TEXT, url TEXT not null, tipo enum ('DOCUMENTO','ECOGRAFIA','IMAGEN','LABORATORIO','OTRO','PDF','RADIOGRAFIA') not null, primary key (id))
Hibernate: create table audit_logs (company_id integer, id bigint generated by default as identity, timestamp timestamp(6) not null, action varchar(255) not null, company_name varchar(255), details TEXT, ip_address varchar(255), module varchar(255) not null, user_email varchar(255), user_role varchar(255), primary key (id))
Hibernate: create table citas (creado_por_user_id integer, duracion_minutos integer not null, eliminada boolean default false not null, eliminado_por_user_id integer, es_emergencia boolean, monto_pagado numeric(10,2) not null, reprogramado_por_user_id integer, total_servicio numeric(10,2) not null, created_at timestamp(6), eliminado_at timestamp(6), empleado_id bigint, fecha_hora_fin timestamp(6) not null, fecha_hora_inicio timestamp(6) not null, id bigint generated by default as identity, mascota_id bigint not null, reprogramado_at timestamp(6), servicio_id bigint, updated_at timestamp(6), version bigint, numero_cita varchar(24) unique, motivo_cancelacion varchar(255), motivo_cita varchar(255) not null, motivo_reprogramacion varchar(255), notas TEXT, estado enum ('CANCELADA','COMPLETADA','CONFIRMADA','ELIMINADA','EN_PROCESO','NO_ASISTIO','OTRO','PENDIENTE','PROGRAMADA','REPROGRAMADA','SALA_DE_ESPERA') not null, primary key (id))
Hibernate: create table company (activo boolean not null, id integer generated by default as identity, created_at timestamp(6), updated_at timestamp(6), address varchar(255), business_hours varchar(255), created_by varchar(255), description TEXT, email varchar(255), logo_url varchar(255), name varchar(255) not null, phone varchar(255), ruc varchar(255) unique, updated_by varchar(255), website varchar(255), primary key (id))
Hibernate: create table company_exceptions (company_id integer not null, exception_date date not null, is_open boolean not null, id bigint generated by default as identity, description varchar(255), primary key (id))
Hibernate: create table company_operating_hours (closing_time time(6) not null, company_id integer not null, is_open boolean not null, opening_time time(6) not null, id bigint generated by default as identity, dia_semana enum ('DOMINGO','JUEVES','LUNES','MARTES','MIERCOLES','SABADO','VIERNES') not null, primary key (id), unique (company_id, dia_semana))
Hibernate: create table consulta (desparasitacion_aplicada boolean, frecuencia_cardiaca integer, frecuencia_respiratoria integer, peso_en_consulta float(53), temperatura float(53), vacunacion_aplicada boolean, cita_id bigint not null unique, created_at timestamp(6), fecha_cierre timestamp(6), fecha_consulta timestamp(6) not null, historia_clinica_id bigint not null, id bigint generated by default as identity, updated_at timestamp(6), version bigint not null, veterinario_id bigint, anamnesis TEXT, cerrado_por varchar(255), examen_fisico TEXT, indicaciones_receta TEXT, motivo_consulta TEXT not null, mucosas varchar(255), observacion_desparasitacion TEXT, observacion_vacunacion TEXT, observaciones TEXT, turgencia_piel varchar(255), estado enum ('ABIERTA','CERRADA') not null, tipo_consulta enum ('CIRUGIA','CONTROL_RUTINA','DESPARASITACION','EMERGENCIA','OTRO','PRIMERA_VEZ','SEGUIMIENTO','VACUNACION') not null, primary key (id))
Hibernate: create table control_preventivo (fecha_recomendada date not null, cita_suspende_id bigint, created_at timestamp(6) not null, fecha_modificacion_estado timestamp(6), id bigint generated by default as identity, mascota_id bigint not null, tipo_vacuna_id bigint, updated_at timestamp(6) not null, version bigint, nombre_control varchar(100) not null, created_by varchar(150) not null, estado_modificado_por varchar(150), updated_by varchar(150) not null, estado enum ('APLICADO','ATRASADO','CANCELADO','PENDIENTE','PROGRAMADO','PROXIMO','SUSPENDIDO_POR_CITA') not null, tipo enum ('DESPARASITACION','VACUNACION') not null, primary key (id))
Hibernate: create table detalle_cuenta_cita (cantidad integer not null, es_servicio_base boolean not null, precio_unitario numeric(10,2) not null, subtotal numeric(10,2) not null, cita_id bigint not null, created_at timestamp(6) not null, id bigint generated by default as identity, registrado_por varchar(150), descripcion varchar(180) not null, tipo enum ('DESCUENTO','INSUMO','MEDICAMENTO','OTRO','PROCEDIMIENTO','SERVICIO','SERVICIO_ADICIONAL','VACUNA') not null, primary key (id))
Hibernate: create table diagnosticos (consulta_id bigint not null, id bigint generated by default as identity, codigo_cie varchar(20), nombre varchar(200) not null, descripcion TEXT, estado enum ('ACTIVO','CRONICO','EN_SEGUIMIENTO','OTRO','RESUELTO') not null, tipo enum ('DEFINITIVO','DIFERENCIAL','OTRO','PRESUNTIVO') not null, primary key (id))
Hibernate: create table dispensaciones_medicamento (cantidad integer not null, producto_id integer, purchase_item_id integer unique, created_at timestamp(6), fecha_dispensacion timestamp(6), id bigint generated by default as identity, prescripcion_id bigint not null unique, observaciones TEXT, estado enum ('DISPENSADO','FARMACIA_EXTERNA','NO_DISPONIBLE','OTRO','PENDIENTE') not null, primary key (id))
Hibernate: create table email_change_requests (usuario_id integer not null unique, created_at timestamp(6) not null, expires_at timestamp(6) not null, id bigint generated by default as identity, new_email_confirmed_at timestamp(6), old_email_confirmed_at timestamp(6), new_email_token_hash varchar(64) not null unique, old_email_token_hash varchar(64) not null unique, new_email varchar(254) not null, primary key (id))
Hibernate: create table empleado (estado boolean not null, fecha_nacimiento date, user_id integer unique, created_at timestamp(6), fecha_modificacion_estado timestamp(6), id bigint generated by default as identity, updated_at timestamp(6), estado_modificado_por varchar(255), foto_url varchar(255), numero_colegiatura varchar(255) unique, numero_documento_identidad varchar(255) not null, observaciones TEXT, genero enum ('FEMENINO','MASCULINO') not null, tipo_documento_identidad enum ('CARNET_EXTRANJERIA','DNI','PASAPORTE') not null, primary key (id))
Hibernate: create table empleado_especialidad (empleado_id bigint not null, especialidad_id bigint not null, primary key (empleado_id, especialidad_id))
Hibernate: create table empleado_servicio (empleado_id bigint not null, fecha_asignacion timestamp(6) not null, id bigint generated by default as identity, servicio_id bigint not null, primary key (id))
Hibernate: create table empleado_tipo_empleado (empleado_id bigint not null, tipo_empleado_id bigint not null, primary key (empleado_id, tipo_empleado_id))
Hibernate: create table especialidad (company_id integer, created_at timestamp(6) not null, id bigint generated by default as identity, updated_at timestamp(6), nombre varchar(100) not null, descripcion varchar(500), primary key (id))
Hibernate: create table historia_clinica (activa boolean not null, created_at timestamp(6), id bigint generated by default as identity, mascota_id bigint not null unique, updated_at timestamp(6), numero_hc varchar(20) not null unique, grupo_sanguineo varchar(30), antecedentes_familiares TEXT, antecedentes_personales TEXT, enfermedades TEXT, procedimientos TEXT, primary key (id))
Hibernate: create table horario_empleado (activo boolean not null, fecha date, hora_fin time(6) not null, hora_inicio time(6) not null, created_at timestamp(6), empleado_id bigint not null, id bigint generated by default as identity, updated_at timestamp(6), created_by varchar(255), updated_by varchar(255), dia_semana enum ('DOMINGO','JUEVES','LUNES','MARTES','MIERCOLES','SABADO','VIERNES') not null, primary key (id), constraint uq_horario_empleado_fecha_hora unique (empleado_id, fecha, hora_inicio))
Hibernate: create table legal_document (activo boolean not null, creado_en timestamp(6) not null, id bigint generated by default as identity, vigente_desde timestamp(6) not null, contenido TEXT not null, version varchar(255) not null, tipo enum ('POLITICA_PRIVACIDAD','TERMINOS_Y_CONDICIONES') not null, primary key (id))
Hibernate: create table mascota (activo boolean not null, esterilizado boolean not null, fecha_nacimiento date, peso float(53), apoderado_id bigint not null, created_at timestamp(6), fecha_modificacion_estado timestamp(6), id bigint generated by default as identity, raza_id bigint, updated_at timestamp(6), uuid varchar(36) not null unique, numero_microchip varchar(50), color varchar(255), estado_modificado_por varchar(255), foto_url varchar(255), nombre_completo varchar(255) not null, observaciones TEXT, otra_especie varchar(255), otro_motivo_baja varchar(255), senas_particulares TEXT, especie enum ('AVE','EXOTICO','GATO','OTRO','PERRO','REPTIL','ROEDOR') not null, motivo_baja enum ('CAMBIO_PROPIETARIO','DEJA_ASISTIR','FALLECIMIENTO','OTRO'), sexo enum ('HEMBRA','MACHO'), primary key (id))
Hibernate: create table movimiento_caja (company_id integer not null, monto numeric(10,2) not null, cita_id bigint, fecha timestamp(6) not null, id bigint generated by default as identity, registrado_por varchar(150), descripcion TEXT, concepto enum ('CANCELACION_DEVOLUCION','GASTO_OPERATIVO','OTRO','PAGO_CITA') not null, metodo_pago enum ('EFECTIVO','PLIN','TARJETA','TRANSFERENCIA','YAPE'), tipo enum ('DEVOLUCION','EGRESO','INGRESO') not null, primary key (id))
Hibernate: create table password_reset_tokens (usuario_id integer not null, expiry_date timestamp(6) not null, id bigint generated by default as identity, token varchar(255) not null unique, primary key (id))
Hibernate: create table prescripciones (duracion_dias integer, fecha_fin date, fecha_inicio date not null, producto_catalogo_id integer, consulta_id bigint not null, created_at timestamp(6), id bigint generated by default as identity, veterinario_id bigint, via_administracion varchar(50), dosis varchar(100) not null, frecuencia varchar(100) not null, medicamento varchar(200) not null, principio_activo varchar(200), instrucciones TEXT, primary key (id))
Hibernate: create table producto_image (is_principal boolean not null, orden integer, producto_id integer not null, id bigint generated by default as identity, image_path TEXT not null, primary key (id))
Hibernate: create table productos (discount_rate float(53) not null, id integer generated by default as identity, is_new boolean, price float(53) not null, quantity integer not null, unit_measure_id integer not null, created_at timestamp(6), updated_at timestamp(6), code_reference varchar(255), cover_path TEXT, descripcion TEXT, name varchar(255), primary key (id))
Hibernate: create table purchase_items (id integer generated by default as identity, price numeric(10,2), producto_id integer, quantity integer, purchase_id bigint, primary key (id))
Hibernate: create table purchases (cliente_id integer, monto_recibido numeric(10,2), total numeric(10,2), user_id integer, cita_id bigint, created_at timestamp(6), id bigint generated by default as identity, verificado_at timestamp(6), cliente_doc_walkin varchar(255), cliente_nombre_walkin varchar(255), comprobante_transferencia varchar(255), mercadopago_id varchar(255), mp_status varchar(255), verificado_por varchar(255), metodo_pago enum ('EFECTIVO','PLIN','TARJETA','TRANSFERENCIA','YAPE'), payment_status enum ('PAID','PENDING','PENDING_TRANSFER','REFUNDED','REJECTED'), tipo_documento enum ('BOLETA','FACTURA','NOTA_VENTA'), tipo_purchase enum ('MEDICAMENTOS_CITA','SERVICIO_CITA','TIENDA'), primary key (id))
Hibernate: create table raza (activo boolean not null, company_id bigint, created_at timestamp(6), id bigint generated by default as identity, updated_at timestamp(6), created_by varchar(100), nombre varchar(100) not null, updated_by varchar(100), descripcion TEXT, especie enum ('AVE','EXOTICO','GATO','OTRO','PERRO','REPTIL','ROEDOR') not null, primary key (id))
Hibernate: create table realtime_tickets (usuario_id integer not null, expires_at timestamp(6) with time zone not null, issued_at timestamp(6) with time zone not null, used_at timestamp(6) with time zone, jti varchar(36) not null, primary key (jti))
Hibernate: create table recordatorio_preventivo (fecha_programada date not null, apoderado_id bigint not null, control_preventivo_id bigint not null, created_at timestamp(6) not null, fecha_envio timestamp(6) not null, id bigint generated by default as identity, updated_at timestamp(6) not null, created_by varchar(150) not null, updated_by varchar(150) not null, estado enum ('ENVIADO','FALLIDO') not null, tipo_aviso enum ('ATRASADO','PENDIENTE','PROXIMO') not null, primary key (id), constraint uk_recordatorio_control_tipo_fecha unique (control_preventivo_id, tipo_aviso, fecha_programada))
Hibernate: create table refresh_tokens (usuario_id integer, expiry_date timestamp(6) with time zone not null, id bigint generated by default as identity, revoked_at timestamp(6) with time zone, session_started_at timestamp(6) with time zone not null, used_at timestamp(6) with time zone, family_id varchar(36), jti varchar(36), token TEXT not null unique, primary key (id))
Hibernate: create table registro_alergias (activa boolean not null, fecha_deteccion date, historia_clinica_id bigint not null, id bigint generated by default as identity, agente varchar(200) not null, reaccion TEXT, severidad enum ('GRAVE','LEVE','MODERADA') not null, tipo enum ('ALIMENTO','AMBIENTAL','MEDICAMENTO','OTRA') not null, primary key (id))
Hibernate: create table registro_desparasitaciones (activo boolean not null, dosis numeric(10,3), fecha_aplicacion date not null, fecha_proxima_aplicacion date, fecha_vencimiento_producto date, intervalo_cantidad integer, periodicidad_meses integer, peso_kg numeric(8,2), cita_id bigint, consulta_id bigint, control_preventivo_id bigint unique, created_at timestamp(6) not null, fecha_modificacion_estado timestamp(6), historia_clinica_id bigint not null, id bigint generated by default as identity, tipo_desparasitante_id bigint, updated_at timestamp(6) not null, version bigint, veterinario_id bigint, unidad_dosis varchar(30), via_administracion varchar(50), lote varchar(80), producto varchar(100) not null, sitio_aplicacion varchar(100), created_by varchar(150) not null, estado_modificado_por varchar(150), updated_by varchar(150) not null, observaciones varchar(500), intervalo_unidad enum ('DIAS','MESES','SEMANAS'), primary key (id))
Hibernate: create table registro_peso (fecha date not null, peso float(53) not null, historia_clinica_id bigint not null, id bigint generated by default as identity, veterinario_id bigint, observaciones TEXT, primary key (id))
Hibernate: create table registro_vacunas (activo boolean not null, dosis numeric(10,3), fecha_aplicacion date not null, fecha_proxima_dosis date, fecha_vencimiento_producto date, intervalo_cantidad integer, periodicidad_meses integer, peso_kg numeric(8,2), cita_id bigint, consulta_id bigint, control_preventivo_id bigint unique, created_at timestamp(6) not null, fecha_modificacion_estado timestamp(6), historia_clinica_id bigint not null, id bigint generated by default as identity, tipo_vacuna_id bigint, updated_at timestamp(6), version bigint, veterinario_id bigint, unidad_dosis varchar(30), via_administracion varchar(50), lote varchar(80), sitio_aplicacion varchar(100), created_by varchar(150) default 'SYSTEM', estado_modificado_por varchar(150), updated_by varchar(150) default 'SYSTEM', nombre_vacuna varchar(200) not null, observaciones varchar(500), intervalo_unidad enum ('DIAS','MESES','SEMANAS'), primary key (id))
Hibernate: create table rol_ventana_configuracion (id integer generated by default as identity, orden integer not null, rol_id integer not null, ventana_id integer not null, presentacion enum ('FLAT','GROUPED') not null, primary key (id), unique (rol_id, ventana_id))
Hibernate: create table rol_ventana_permisos (eliminar boolean not null, escribir boolean not null, id integer generated by default as identity, leer boolean not null, modificar boolean not null, rol_id integer not null, ventana_id integer not null, primary key (id), unique (rol_id, ventana_id))
Hibernate: create table rol_vista_configuracion (id integer generated by default as identity, orden integer not null, rol_id integer not null, vista_id integer not null, primary key (id), unique (rol_id, vista_id))
Hibernate: create table rol_vista_permisos (eliminar boolean not null, escribir boolean not null, id integer generated by default as identity, leer boolean not null, modificar boolean not null, rol_id integer not null, vista_id integer not null, data_scope enum ('COMPANY','OWN') not null, primary key (id), unique (rol_id, vista_id))
Hibernate: create table roles (activo boolean default true not null, company_id integer, id integer generated by default as identity, protected boolean not null, system_managed boolean not null, permission_version bigint not null, descripcion varchar(255), name varchar(255) not null, purpose enum ('CLIENT_PORTAL','COMPANY_ADMIN','CUSTOM','PLATFORM_ADMIN') not null, scope enum ('CLIENT','PLATFORM','STAFF') not null, primary key (id))
Hibernate: create table servicios (activo boolean not null, company_id integer not null, disponible boolean not null, duracion_estimada integer, permite_emergencia boolean default false not null, precio numeric(10,2) not null, created_at timestamp(6), id bigint generated by default as identity, tipo_empleado_id bigint, updated_at timestamp(6), nombre varchar(100) not null, descripcion TEXT not null, tipo_control_preventivo varchar(30) default 'NO_APLICA' not null, primary key (id))
Hibernate: create table sesion_caja (company_id integer not null, diferencia numeric(12,2), efectivo_contado numeric(12,2), efectivo_esperado numeric(12,2), monto_apertura numeric(12,2) not null, abierta_at timestamp(6) not null, cerrada_at timestamp(6), id bigint generated by default as identity, abierta_por varchar(150) not null, cerrada_por varchar(150), observaciones varchar(300), estado enum ('ABIERTA','CERRADA') not null, primary key (id))
Hibernate: create table thesis_performance_measurements (company_id integer, duration_ms numeric(15,3) not null, http_status integer not null, successful boolean not null, user_id integer not null, http_method varchar(8) not null, id bigint generated by default as identity, requested_at timestamp(6) not null, measurement_session_id uuid not null, operation_code varchar(64) not null, operation_name varchar(120) not null, route_template varchar(255) not null, phase enum ('SAMPLE','WARMUP') not null, primary key (id))
Hibernate: create table tipo_desparasitante (activo boolean not null, company_id integer not null, dosis numeric(10,3), fecha_vencimiento_producto date, periodicidad_meses_sugerida integer, precio numeric(10,2) not null, created_at timestamp(6) not null, id bigint generated by default as identity, updated_at timestamp(6) not null, unidad_dosis varchar(30), via_administracion varchar(50), lote varchar(80), nombre varchar(100) not null, created_by varchar(150) not null, updated_by varchar(150) not null, especie enum ('AVE','EXOTICO','GATO','OTRO','PERRO','REPTIL','ROEDOR') not null, primary key (id), constraint uk_tipo_desparasitante_company_nombre_especie unique (company_id, nombre, especie))
Hibernate: create table tipo_empleado (company_id integer, estado boolean not null, permite_especialidades boolean not null, created_at timestamp(6), id bigint generated by default as identity, updated_at timestamp(6), nombre varchar(100) not null, descripcion varchar(500), primary key (id))
Hibernate: create table tipo_vacuna (activo boolean not null, company_id integer not null, dosis numeric(10,3), fecha_vencimiento_producto date, periodicidad_meses_sugerida integer, precio numeric(10,2) not null, created_at timestamp(6) not null, id bigint generated by default as identity, updated_at timestamp(6) not null, unidad_dosis varchar(30), via_administracion varchar(50), lote varchar(80), nombre varchar(100) not null, created_by varchar(150) not null, updated_by varchar(150) not null, especie enum ('AVE','EXOTICO','GATO','OTRO','PERRO','REPTIL','ROEDOR') not null, primary key (id), constraint uk_tipo_vacuna_company_nombre_especie unique (company_id, nombre, especie))
Hibernate: create table tratamientos (fecha_fin date, fecha_inicio date, consulta_id bigint not null, id bigint generated by default as identity, nombre varchar(200) not null, descripcion TEXT, estado enum ('ACTIVO','COMPLETADO','EN_CURSO','OTRO','PENDIENTE','SUSPENDIDO') not null, primary key (id))
Hibernate: create table user_consent (usuario_id integer not null, fecha_aceptacion timestamp(6) not null, id bigint generated by default as identity, legal_document_id bigint not null, ip_address varchar(255), user_agent varchar(255), primary key (id))
Hibernate: create table usuario (activo boolean not null, company_id integer, email_verified boolean not null, id integer generated by default as identity, password_changed boolean not null, credentials_version bigint not null, verification_token_expires_at timestamp(6), apellido varchar(255), direccion varchar(255), dni varchar(255), email varchar(255) not null unique, nombre varchar(255), password varchar(255) not null, telefono varchar(255), verification_token varchar(255), primary key (id))
Hibernate: create table usuario_por_rol (id integer generated by default as identity, rol_id integer, usuario_id integer, primary key (id), unique (usuario_id, rol_id))
Hibernate: create table usuario_por_rol_permisos (eliminar boolean not null, escribir boolean not null, id integer generated by default as identity, leer boolean not null, modificar boolean not null, usuario_por_rol_id integer not null, vista_id integer not null, primary key (id), unique (usuario_por_rol_id, vista_id))
Hibernate: create table ventanas (activo boolean not null, id integer generated by default as identity, orden integer not null check (orden>=0), grupo varchar(40), icono varchar(60), codigo varchar(80) not null unique, nombre varchar(80) not null, presentacion_default enum ('FLAT','GROUPED') not null, primary key (id))
Hibernate: create table vistas (activo boolean not null, id integer generated by default as identity, orden integer, orden_grupo integer, parent_id integer, ventana_id integer, visible_menu boolean not null, icono varchar(60), codigo varchar(255) not null unique, grupo varchar(255), nombre varchar(255) not null, ruta varchar(255) not null, audience enum ('CLIENT','PLATFORM','SHARED','STAFF') not null, primary key (id))
Hibernate: create index idx_audit_logs_timestamp on audit_logs (timestamp)
Hibernate: create index idx_audit_logs_user_email on audit_logs (user_email)
Hibernate: create index idx_audit_logs_company_id on audit_logs (company_id)
Hibernate: create index idx_citas_mascota_fecha on citas (mascota_id, fecha_hora_inicio)
Hibernate: create index idx_citas_empleado_fecha on citas (empleado_id, fecha_hora_inicio)
Hibernate: create index idx_citas_fecha_estado on citas (fecha_hora_inicio, estado)
Hibernate: create index idx_control_preventivo_fecha_estado on control_preventivo (fecha_recomendada, estado)
Hibernate: create index idx_control_preventivo_mascota on control_preventivo (mascota_id)
Hibernate: create index idx_control_preventivo_mascota_estado_fecha on control_preventivo (mascota_id, estado, fecha_recomendada)
Hibernate: create index idx_registro_desparasitaciones_historia_fecha on registro_desparasitaciones (historia_clinica_id, fecha_aplicacion)
Hibernate: create index idx_registro_desparasitaciones_proxima on registro_desparasitaciones (fecha_proxima_aplicacion, activo)
Hibernate: create index idx_registro_vacunas_historia_fecha on registro_vacunas (historia_clinica_id, fecha_aplicacion)
Hibernate: create index idx_registro_vacunas_proxima on registro_vacunas (fecha_proxima_dosis, activo)
Hibernate: create index idx_thesis_perf_session_user on thesis_performance_measurements (measurement_session_id, user_id)
Hibernate: create index idx_thesis_perf_requested_at on thesis_performance_measurements (requested_at)
Hibernate: alter table if exists apoderado add constraint FK5cwui3r5iyxwk3u2npemhf29p foreign key (user_id) references usuario
Hibernate: alter table if exists archivos_clinicos add constraint FKtabmvnxhv5yob08ybraur4b3h foreign key (consulta_id) references consulta
Hibernate: alter table if exists citas add constraint FK7u94xa2dbwph023d3fsf8gr27 foreign key (creado_por_user_id) references usuario
Hibernate: alter table if exists citas add constraint FKfomx0wk9udvxpggx6q2miftg2 foreign key (eliminado_por_user_id) references usuario
Hibernate: alter table if exists citas add constraint FKku5pb9pj27k11aqm2vh54c8yy foreign key (empleado_id) references empleado
Hibernate: alter table if exists citas add constraint FKt3fp251xndxmbnpotw2q01jeh foreign key (mascota_id) references mascota
Hibernate: alter table if exists citas add constraint FKngqkg50nvph81xnrxwsc5bgav foreign key (reprogramado_por_user_id) references usuario
Hibernate: alter table if exists citas add constraint FKl89m4psdo9tdi6smrdq3n3p33 foreign key (servicio_id) references servicios
Hibernate: alter table if exists company_exceptions add constraint FKfcvhnm6fariqwb7ynq0gffope foreign key (company_id) references company
Hibernate: alter table if exists company_operating_hours add constraint FKf3o87hifcyy1ph81hsrtf5og foreign key (company_id) references company
Hibernate: alter table if exists consulta add constraint FKei7gwj31cje1f96jvr3spik8p foreign key (cita_id) references citas
Hibernate: alter table if exists consulta add constraint FKh50a17hvuxhk4ia1qb1dx2sir foreign key (historia_clinica_id) references historia_clinica
Hibernate: alter table if exists consulta add constraint FKede4sygexa0fxy05ob3qwp425 foreign key (veterinario_id) references empleado
Hibernate: alter table if exists control_preventivo add constraint FKqy9q87huukwvpwb8j4oxe1mos foreign key (cita_suspende_id) references citas
Hibernate: alter table if exists control_preventivo add constraint FKcwkuvhgo043n49rhb7i9l1hud foreign key (mascota_id) references mascota
Hibernate: alter table if exists control_preventivo add constraint FK3nhu3k0qrm9m7tlwjtyetm8ab foreign key (tipo_vacuna_id) references tipo_vacuna
Hibernate: alter table if exists detalle_cuenta_cita add constraint FKnebyigvv0g3daphbkxrhpksg2 foreign key (cita_id) references citas
Hibernate: alter table if exists diagnosticos add constraint FKmfntqcnfgjkccbh09jv2ks5ld foreign key (consulta_id) references consulta
Hibernate: alter table if exists dispensaciones_medicamento add constraint FKnh52n9ktl5utwcnl33elr9340 foreign key (prescripcion_id) references prescripciones
Hibernate: alter table if exists dispensaciones_medicamento add constraint FKmwv4ac6gpsxr2gjdhgem1241s foreign key (producto_id) references productos
Hibernate: alter table if exists dispensaciones_medicamento add constraint FK5996ou1egw0p7rd9omp2p8fgd foreign key (purchase_item_id) references purchase_items
Hibernate: alter table if exists email_change_requests add constraint FK89024wnaydxfk20hdpxshaqjp foreign key (usuario_id) references usuario
Hibernate: alter table if exists empleado add constraint FKa8t6or0dh99qx9ekdbyljsipa foreign key (user_id) references usuario
Hibernate: alter table if exists empleado_especialidad add constraint FK87rcoykx9x0w2hquf5ykdyr1o foreign key (especialidad_id) references especialidad
Hibernate: alter table if exists empleado_especialidad add constraint FKhdis49h29lb4ps5jwp1qbct5w foreign key (empleado_id) references empleado
Hibernate: alter table if exists empleado_servicio add constraint FK20uflrpx0wj58frvn04e5iy43 foreign key (empleado_id) references empleado
Hibernate: alter table if exists empleado_servicio add constraint FK3n45t3jeuqyvf2cf8q32eujlk foreign key (servicio_id) references servicios
Hibernate: alter table if exists empleado_tipo_empleado add constraint FK7gcc7815bj3cisdoye5blena2 foreign key (tipo_empleado_id) references tipo_empleado
Hibernate: alter table if exists empleado_tipo_empleado add constraint FK8n4vhx3xrehfk9b32slr18ps8 foreign key (empleado_id) references empleado
Hibernate: alter table if exists especialidad add constraint FK242i2hurefr78uofqa3facky3 foreign key (company_id) references company
Hibernate: alter table if exists historia_clinica add constraint FK8qtajjx6p7pi6ltqn1ngm54sv foreign key (mascota_id) references mascota
Hibernate: alter table if exists horario_empleado add constraint FKsb2xsdfgwok1qln5322q1km6v foreign key (empleado_id) references empleado
Hibernate: alter table if exists mascota add constraint FK1f2wk4mdp7t85nf2a30dt22om foreign key (apoderado_id) references apoderado
Hibernate: alter table if exists mascota add constraint FKllkmqrwwv3oslxrav189b27b8 foreign key (raza_id) references raza
Hibernate: alter table if exists password_reset_tokens add constraint FK3gbtnfw48vok3vy1lqjm67wea foreign key (usuario_id) references usuario
Hibernate: alter table if exists prescripciones add constraint FKrehjuok1u7mbjikerkewtciui foreign key (consulta_id) references consulta
Hibernate: alter table if exists prescripciones add constraint FKsd5mrfnuuxvk9yi1fl77du25w foreign key (producto_catalogo_id) references productos
Hibernate: alter table if exists prescripciones add constraint FKe58l4gyk5v9wgqpbypaxuedqp foreign key (veterinario_id) references empleado
Hibernate: alter table if exists producto_image add constraint FKakfqlp5a7x3pwpfubjmpa5ev2 foreign key (producto_id) references productos
Hibernate: alter table if exists purchase_items add constraint FK_purchase_item_producto foreign key (producto_id) references productos
Hibernate: alter table if exists purchase_items add constraint FK_purhcase_item_purchase foreign key (purchase_id) references purchases
Hibernate: alter table if exists purchases add constraint FK_purchase_cita foreign key (cita_id) references citas
Hibernate: alter table if exists purchases add constraint FKre3pav655tdqv1j308x8uksep foreign key (cliente_id) references usuario
Hibernate: alter table if exists purchases add constraint FK_purchase_user foreign key (user_id) references usuario
Hibernate: alter table if exists recordatorio_preventivo add constraint FK1qlxkfuiqprqi20n2w2w8d23q foreign key (apoderado_id) references apoderado
Hibernate: alter table if exists recordatorio_preventivo add constraint FKfckal41s6xqby8sijg91osccu foreign key (control_preventivo_id) references control_preventivo
Hibernate: alter table if exists refresh_tokens add constraint FKkxouycuxpe5f9dy8mq2myjg99 foreign key (usuario_id) references usuario
Hibernate: alter table if exists registro_alergias add constraint FKt24kee4ahjmflg3dofa1s960c foreign key (historia_clinica_id) references historia_clinica
Hibernate: alter table if exists registro_desparasitaciones add constraint FKnf3lmpe6qtesop4436xhqyapy foreign key (cita_id) references citas
Hibernate: alter table if exists registro_desparasitaciones add constraint FKpoyhaul8oioxsrwpnjka6gk2m foreign key (consulta_id) references consulta
Hibernate: alter table if exists registro_desparasitaciones add constraint FKgampgrwy5q1q4t4x5ctjqmb15 foreign key (control_preventivo_id) references control_preventivo
Hibernate: alter table if exists registro_desparasitaciones add constraint FK1v238f7e71tg33g5af6dmp7fl foreign key (historia_clinica_id) references historia_clinica
Hibernate: alter table if exists registro_desparasitaciones add constraint FK4677w8xrs4r8g8bf39juantt5 foreign key (tipo_desparasitante_id) references tipo_desparasitante
Hibernate: alter table if exists registro_desparasitaciones add constraint FK8f2r7owve1k3ek7r5f0fbofwv foreign key (veterinario_id) references empleado
Hibernate: alter table if exists registro_peso add constraint FK8sx97mjd16asvyo27h0n9gcc8 foreign key (historia_clinica_id) references historia_clinica
Hibernate: alter table if exists registro_peso add constraint FKjssykcqo4x9lsyn786ftody48 foreign key (veterinario_id) references empleado
Hibernate: alter table if exists registro_vacunas add constraint FK3xaasukpd1idqb2gd09xaglaa foreign key (cita_id) references citas
Hibernate: alter table if exists registro_vacunas add constraint FKh471v9ckss79183gwosjikgu6 foreign key (consulta_id) references consulta
Hibernate: alter table if exists registro_vacunas add constraint FKbn39810c8hbl0wc7k1aw0v16 foreign key (control_preventivo_id) references control_preventivo
Hibernate: alter table if exists registro_vacunas add constraint FKdhv1kwla13gdl5hdtlobetm4e foreign key (historia_clinica_id) references historia_clinica
Hibernate: alter table if exists registro_vacunas add constraint FKa1qk86d0dybvyt16rygkyarme foreign key (tipo_vacuna_id) references tipo_vacuna
Hibernate: alter table if exists registro_vacunas add constraint FK3a8efov0e0x9h9o82yl9m3vuq foreign key (veterinario_id) references empleado
Hibernate: alter table if exists rol_ventana_configuracion add constraint FK5fh5b5htdqo2vtsls47r1acwn foreign key (rol_id) references roles
Hibernate: alter table if exists rol_ventana_configuracion add constraint FK7osh61y59uq550fwyfo6jonhk foreign key (ventana_id) references ventanas
Hibernate: alter table if exists rol_ventana_permisos add constraint FKmgcwrybxv1dpppox4jt77lot2 foreign key (rol_id) references roles
Hibernate: alter table if exists rol_ventana_permisos add constraint FKsu20aepd9rk39c2fvlqnnbji1 foreign key (ventana_id) references ventanas
Hibernate: alter table if exists rol_vista_configuracion add constraint FKppbm31bqrv9dev1rbc026tmq9 foreign key (rol_id) references roles
Hibernate: alter table if exists rol_vista_configuracion add constraint FKc61t90q8iwleqjq7v29c0qboc foreign key (vista_id) references vistas
Hibernate: alter table if exists rol_vista_permisos add constraint FK935bvgwsp50e4vcxbe40djkgp foreign key (rol_id) references roles
Hibernate: alter table if exists rol_vista_permisos add constraint FK4oma1stmshf0m5qfen48f6rh4 foreign key (vista_id) references vistas
Hibernate: alter table if exists roles add constraint FKfi228j8iardkg0dlakb16jtel foreign key (company_id) references company
Hibernate: alter table if exists servicios add constraint FKrgsyvle00lpqfshhqrcbsfw12 foreign key (company_id) references company
Hibernate: alter table if exists servicios add constraint FKa6cnhc7dgruvqyyo71w7ypnyp foreign key (tipo_empleado_id) references tipo_empleado
Hibernate: alter table if exists tipo_desparasitante add constraint FKcy0de2bf7nq8nudjo053wt31d foreign key (company_id) references company
Hibernate: alter table if exists tipo_empleado add constraint FK7ghqq2g5ghyiubhnnp2ifql1e foreign key (company_id) references company
Hibernate: alter table if exists tipo_vacuna add constraint FK67jqxup43lfpmbegnj6305txe foreign key (company_id) references company
Hibernate: alter table if exists tratamientos add constraint FK57c4h2ba6pqhmaokqkot16vko foreign key (consulta_id) references consulta
Hibernate: alter table if exists user_consent add constraint FK35g5y5jh6yl1u4r2w6d6c61va foreign key (legal_document_id) references legal_document
Hibernate: alter table if exists user_consent add constraint FK1623gdi8g76trirt8n0vo8s6f foreign key (usuario_id) references usuario
Hibernate: alter table if exists usuario add constraint FKmwv0sdh4rb75f9cy18wh3cfba foreign key (company_id) references company
Hibernate: alter table if exists usuario_por_rol add constraint FKr7dt7ojxq07ugf6da146qy9uw foreign key (rol_id) references roles
Hibernate: alter table if exists usuario_por_rol add constraint FKoh2lx4mcp39km6sb3raabxd8p foreign key (usuario_id) references usuario
Hibernate: alter table if exists usuario_por_rol_permisos add constraint FKcvgxbqpdsofiv0sfjik2jwh7f foreign key (usuario_por_rol_id) references usuario_por_rol
Hibernate: alter table if exists usuario_por_rol_permisos add constraint FKbjlqoebrqcqq3ag018vyt3gq5 foreign key (vista_id) references vistas
Hibernate: alter table if exists vistas add constraint FK7wep5ag03ie9ak5i63020m3c6 foreign key (parent_id) references vistas
Hibernate: alter table if exists vistas add constraint FKg21a53mutprvrt9dlfjlovhad foreign key (ventana_id) references ventanas
2026-09-08T11:55:15.107-05:00  INFO 30024 --- [           main] j.LocalContainerEntityManagerFactoryBean : Initialized JPA EntityManagerFactory for persistence unit 'default'
2026-09-08T11:55:15.867-05:00  INFO 30024 --- [           main] o.s.d.j.r.query.QueryEnhancerFactory     : Hibernate is in classpath; If applicable, HQL parser will be used.
2026-09-08T11:55:18.948-05:00  INFO 30024 --- [           main] v.v.s.impl.CitaServiceIntegrationTest    : Started CitaServiceIntegrationTest in 8.769 seconds (process running for 9.792)
Hibernate: insert into company (activo,address,business_hours,created_at,created_by,description,email,logo_url,name,phone,ruc,updated_at,updated_by,website,id) values (?,?,?,?,?,?,?,?,?,?,?,?,?,?,default)
Hibernate: insert into usuario (activo,apellido,company_id,credentials_version,direccion,dni,email,email_verified,nombre,password,password_changed,telefono,verification_token,verification_token_expires_at,id) values (?,?,?,?,?,?,?,?,?,?,?,?,?,?,default)
Hibernate: insert into apoderado (created_at,estado_modificado_por,fecha_modificacion_estado,genero,numero_documento,observaciones,referencias,tipo_documento_identidad,updated_at,user_id,id) values (?,?,?,?,?,?,?,?,?,?,default)
Hibernate: insert into mascota (activo,apoderado_id,color,created_at,especie,estado_modificado_por,esterilizado,fecha_modificacion_estado,fecha_nacimiento,foto_url,motivo_baja,nombre_completo,numero_microchip,observaciones,otra_especie,otro_motivo_baja,peso,raza_id,senas_particulares,sexo,updated_at,uuid,id) values (?,?,?,?,?,?,?,?,?,?,?,?,?,?,?,?,?,?,?,?,?,?,default)
Hibernate: insert into usuario (activo,apellido,company_id,credentials_version,direccion,dni,email,email_verified,nombre,password,password_changed,telefono,verification_token,verification_token_expires_at,id) values (?,?,?,?,?,?,?,?,?,?,?,?,?,?,default)
Hibernate: insert into empleado (created_at,estado,estado_modificado_por,fecha_modificacion_estado,fecha_nacimiento,foto_url,genero,numero_colegiatura,numero_documento_identidad,observaciones,tipo_documento_identidad,updated_at,user_id,id) values (?,?,?,?,?,?,?,?,?,?,?,?,?,default)
Hibernate: insert into servicios (activo,company_id,created_at,descripcion,disponible,duracion_estimada,nombre,permite_emergencia,precio,tipo_control_preventivo,tipo_empleado_id,updated_at,id) values (?,?,?,?,?,?,?,?,?,?,?,?,default)
Hibernate: insert into citas (creado_por_user_id,created_at,duracion_minutos,eliminada,eliminado_at,eliminado_por_user_id,empleado_id,es_emergencia,estado,fecha_hora_fin,fecha_hora_inicio,mascota_id,monto_pagado,motivo_cancelacion,motivo_cita,motivo_reprogramacion,notas,numero_cita,reprogramado_at,reprogramado_por_user_id,servicio_id,total_servicio,updated_at,version,id) values (?,?,?,?,?,?,?,?,?,?,?,?,?,?,?,?,?,?,?,?,?,?,?,?,default)
Hibernate: update citas set creado_por_user_id=?,created_at=?,duracion_minutos=?,eliminada=?,eliminado_at=?,eliminado_por_user_id=?,empleado_id=?,es_emergencia=?,estado=?,fecha_hora_fin=?,fecha_hora_inicio=?,mascota_id=?,monto_pagado=?,motivo_cancelacion=?,motivo_cita=?,motivo_reprogramacion=?,notas=?,numero_cita=?,reprogramado_at=?,reprogramado_por_user_id=?,servicio_id=?,total_servicio=?,updated_at=?,version=? where id=? and version=?
Hibernate: select count(c1_0.id)>0 from citas c1_0 where c1_0.empleado_id=? and (cast(? as varchar) is null or c1_0.id<>?) and c1_0.estado not in ('CANCELADA','ELIMINADA') and c1_0.eliminada=false and c1_0.fecha_hora_inicio<? and c1_0.fecha_hora_fin>?
Hibernate: select count(c1_0.id)>0 from citas c1_0 where c1_0.mascota_id=? and (cast(? as varchar) is null or c1_0.id<>?) and c1_0.estado not in ('CANCELADA','ELIMINADA') and c1_0.eliminada=false and c1_0.fecha_hora_inicio<? and c1_0.fecha_hora_fin>?
Hibernate: select u1_0.id,u1_0.activo,u1_0.apellido,u1_0.company_id,u1_0.credentials_version,u1_0.direccion,u1_0.dni,u1_0.email,u1_0.email_verified,u1_0.nombre,u1_0.password,u1_0.password_changed,u1_0.telefono,u1_0.verification_token,u1_0.verification_token_expires_at from usuario u1_0 where u1_0.email=?
]]></system-out>
    <system-err><![CDATA[Mockito is currently self-attaching to enable the inline-mock-maker. This will no longer work in future releases of the JDK. Please add Mockito as an agent to your build what is described in Mockito's documentation: https://javadoc.io/doc/org.mockito/mockito-core/latest/org/mockito/Mockito.html#0.3
WARNING: A Java agent has been loaded dynamically (C:\Users\Usuario\.m2\repository\net\bytebuddy\byte-buddy-agent\1.15.11\byte-buddy-agent-1.15.11.jar)
WARNING: If a serviceability tool is in use, please run with -XX:+EnableDynamicAgentLoading to hide this warning
WARNING: If a serviceability tool is not in use, please run with -Djdk.instrument.traceUsage for more information
WARNING: Dynamic loading of agents will be disallowed by default in a future release
]]></system-err>
  </testcase>
  <testcase name="iniciarAtencionReutilizaHistoriaClinicaExistente" classname="veterinaria.vargasvet.service.impl.CitaServiceIntegrationTest" time="0.071">
    <system-out><![CDATA[Hibernate: insert into company (activo,address,business_hours,created_at,created_by,description,email,logo_url,name,phone,ruc,updated_at,updated_by,website,id) values (?,?,?,?,?,?,?,?,?,?,?,?,?,?,default)
Hibernate: insert into usuario (activo,apellido,company_id,credentials_version,direccion,dni,email,email_verified,nombre,password,password_changed,telefono,verification_token,verification_token_expires_at,id) values (?,?,?,?,?,?,?,?,?,?,?,?,?,?,default)
Hibernate: insert into apoderado (created_at,estado_modificado_por,fecha_modificacion_estado,genero,numero_documento,observaciones,referencias,tipo_documento_identidad,updated_at,user_id,id) values (?,?,?,?,?,?,?,?,?,?,default)
Hibernate: insert into mascota (activo,apoderado_id,color,created_at,especie,estado_modificado_por,esterilizado,fecha_modificacion_estado,fecha_nacimiento,foto_url,motivo_baja,nombre_completo,numero_microchip,observaciones,otra_especie,otro_motivo_baja,peso,raza_id,senas_particulares,sexo,updated_at,uuid,id) values (?,?,?,?,?,?,?,?,?,?,?,?,?,?,?,?,?,?,?,?,?,?,default)
Hibernate: insert into usuario (activo,apellido,company_id,credentials_version,direccion,dni,email,email_verified,nombre,password,password_changed,telefono,verification_token,verification_token_expires_at,id) values (?,?,?,?,?,?,?,?,?,?,?,?,?,?,default)
Hibernate: insert into empleado (created_at,estado,estado_modificado_por,fecha_modificacion_estado,fecha_nacimiento,foto_url,genero,numero_colegiatura,numero_documento_identidad,observaciones,tipo_documento_identidad,updated_at,user_id,id) values (?,?,?,?,?,?,?,?,?,?,?,?,?,default)
Hibernate: insert into servicios (activo,company_id,created_at,descripcion,disponible,duracion_estimada,nombre,permite_emergencia,precio,tipo_control_preventivo,tipo_empleado_id,updated_at,id) values (?,?,?,?,?,?,?,?,?,?,?,?,default)
Hibernate: insert into citas (creado_por_user_id,created_at,duracion_minutos,eliminada,eliminado_at,eliminado_por_user_id,empleado_id,es_emergencia,estado,fecha_hora_fin,fecha_hora_inicio,mascota_id,monto_pagado,motivo_cancelacion,motivo_cita,motivo_reprogramacion,notas,numero_cita,reprogramado_at,reprogramado_por_user_id,servicio_id,total_servicio,updated_at,version,id) values (?,?,?,?,?,?,?,?,?,?,?,?,?,?,?,?,?,?,?,?,?,?,?,?,default)
Hibernate: insert into historia_clinica (activa,antecedentes_familiares,antecedentes_personales,created_at,enfermedades,grupo_sanguineo,mascota_id,numero_hc,procedimientos,updated_at,id) values (?,?,?,?,?,?,?,?,?,?,default)
Hibernate: select count(*) from historia_clinica hc1_0
Hibernate: select count(c1_0.id) from citas c1_0 where c1_0.empleado_id=? and c1_0.estado='EN_PROCESO' and c1_0.eliminada=false and c1_0.id<>?
Hibernate: select hc1_0.id,hc1_0.activa,hc1_0.antecedentes_familiares,hc1_0.antecedentes_personales,hc1_0.created_at,hc1_0.enfermedades,hc1_0.grupo_sanguineo,hc1_0.mascota_id,hc1_0.numero_hc,hc1_0.procedimientos,hc1_0.updated_at from historia_clinica hc1_0 left join mascota m1_0 on m1_0.id=hc1_0.mascota_id where m1_0.id=?
Hibernate: insert into consulta (anamnesis,cerrado_por,cita_id,created_at,desparasitacion_aplicada,estado,examen_fisico,fecha_cierre,fecha_consulta,frecuencia_cardiaca,frecuencia_respiratoria,historia_clinica_id,indicaciones_receta,motivo_consulta,mucosas,observacion_desparasitacion,observacion_vacunacion,observaciones,peso_en_consulta,temperatura,tipo_consulta,turgencia_piel,updated_at,vacunacion_aplicada,version,veterinario_id,id) values (?,?,?,?,?,?,?,?,?,?,?,?,?,?,?,?,?,?,?,?,?,?,?,?,?,?,default)
Hibernate: select count(*) from historia_clinica hc1_0
]]></system-out>
  </testcase>
  <testcase name="cancelarCitaActivaCambiaEstadoACancelada" classname="veterinaria.vargasvet.service.impl.CitaServiceIntegrationTest" time="0.027">
    <system-out><![CDATA[Hibernate: insert into company (activo,address,business_hours,created_at,created_by,description,email,logo_url,name,phone,ruc,updated_at,updated_by,website,id) values (?,?,?,?,?,?,?,?,?,?,?,?,?,?,default)
Hibernate: insert into usuario (activo,apellido,company_id,credentials_version,direccion,dni,email,email_verified,nombre,password,password_changed,telefono,verification_token,verification_token_expires_at,id) values (?,?,?,?,?,?,?,?,?,?,?,?,?,?,default)
Hibernate: insert into apoderado (created_at,estado_modificado_por,fecha_modificacion_estado,genero,numero_documento,observaciones,referencias,tipo_documento_identidad,updated_at,user_id,id) values (?,?,?,?,?,?,?,?,?,?,default)
Hibernate: insert into mascota (activo,apoderado_id,color,created_at,especie,estado_modificado_por,esterilizado,fecha_modificacion_estado,fecha_nacimiento,foto_url,motivo_baja,nombre_completo,numero_microchip,observaciones,otra_especie,otro_motivo_baja,peso,raza_id,senas_particulares,sexo,updated_at,uuid,id) values (?,?,?,?,?,?,?,?,?,?,?,?,?,?,?,?,?,?,?,?,?,?,default)
Hibernate: insert into usuario (activo,apellido,company_id,credentials_version,direccion,dni,email,email_verified,nombre,password,password_changed,telefono,verification_token,verification_token_expires_at,id) values (?,?,?,?,?,?,?,?,?,?,?,?,?,?,default)
Hibernate: insert into empleado (created_at,estado,estado_modificado_por,fecha_modificacion_estado,fecha_nacimiento,foto_url,genero,numero_colegiatura,numero_documento_identidad,observaciones,tipo_documento_identidad,updated_at,user_id,id) values (?,?,?,?,?,?,?,?,?,?,?,?,?,default)
Hibernate: insert into servicios (activo,company_id,created_at,descripcion,disponible,duracion_estimada,nombre,permite_emergencia,precio,tipo_control_preventivo,tipo_empleado_id,updated_at,id) values (?,?,?,?,?,?,?,?,?,?,?,?,default)
Hibernate: insert into citas (creado_por_user_id,created_at,duracion_minutos,eliminada,eliminado_at,eliminado_por_user_id,empleado_id,es_emergencia,estado,fecha_hora_fin,fecha_hora_inicio,mascota_id,monto_pagado,motivo_cancelacion,motivo_cita,motivo_reprogramacion,notas,numero_cita,reprogramado_at,reprogramado_por_user_id,servicio_id,total_servicio,updated_at,version,id) values (?,?,?,?,?,?,?,?,?,?,?,?,?,?,?,?,?,?,?,?,?,?,?,?,default)
]]></system-out>
  </testcase>
  <testcase name="agendarCitaValidaPersisteCitaProgramada" classname="veterinaria.vargasvet.service.impl.CitaServiceIntegrationTest" time="0.077">
    <system-out><![CDATA[Hibernate: insert into company (activo,address,business_hours,created_at,created_by,description,email,logo_url,name,phone,ruc,updated_at,updated_by,website,id) values (?,?,?,?,?,?,?,?,?,?,?,?,?,?,default)
Hibernate: insert into usuario (activo,apellido,company_id,credentials_version,direccion,dni,email,email_verified,nombre,password,password_changed,telefono,verification_token,verification_token_expires_at,id) values (?,?,?,?,?,?,?,?,?,?,?,?,?,?,default)
Hibernate: insert into apoderado (created_at,estado_modificado_por,fecha_modificacion_estado,genero,numero_documento,observaciones,referencias,tipo_documento_identidad,updated_at,user_id,id) values (?,?,?,?,?,?,?,?,?,?,default)
Hibernate: insert into mascota (activo,apoderado_id,color,created_at,especie,estado_modificado_por,esterilizado,fecha_modificacion_estado,fecha_nacimiento,foto_url,motivo_baja,nombre_completo,numero_microchip,observaciones,otra_especie,otro_motivo_baja,peso,raza_id,senas_particulares,sexo,updated_at,uuid,id) values (?,?,?,?,?,?,?,?,?,?,?,?,?,?,?,?,?,?,?,?,?,?,default)
Hibernate: insert into usuario (activo,apellido,company_id,credentials_version,direccion,dni,email,email_verified,nombre,password,password_changed,telefono,verification_token,verification_token_expires_at,id) values (?,?,?,?,?,?,?,?,?,?,?,?,?,?,default)
Hibernate: insert into empleado (created_at,estado,estado_modificado_por,fecha_modificacion_estado,fecha_nacimiento,foto_url,genero,numero_colegiatura,numero_documento_identidad,observaciones,tipo_documento_identidad,updated_at,user_id,id) values (?,?,?,?,?,?,?,?,?,?,?,?,?,default)
Hibernate: insert into servicios (activo,company_id,created_at,descripcion,disponible,duracion_estimada,nombre,permite_emergencia,precio,tipo_control_preventivo,tipo_empleado_id,updated_at,id) values (?,?,?,?,?,?,?,?,?,?,?,?,default)
Hibernate: insert into citas (creado_por_user_id,created_at,duracion_minutos,eliminada,eliminado_at,eliminado_por_user_id,empleado_id,es_emergencia,estado,fecha_hora_fin,fecha_hora_inicio,mascota_id,monto_pagado,motivo_cancelacion,motivo_cita,motivo_reprogramacion,notas,numero_cita,reprogramado_at,reprogramado_por_user_id,servicio_id,total_servicio,updated_at,version,id) values (?,?,?,?,?,?,?,?,?,?,?,?,?,?,?,?,?,?,?,?,?,?,?,?,default)
Hibernate: delete from citas where id=? and version=?
Hibernate: select e1_0.id,e1_0.created_at,e1_0.estado,e1_0.estado_modificado_por,e1_0.fecha_modificacion_estado,e1_0.fecha_nacimiento,e1_0.foto_url,e1_0.genero,e1_0.numero_colegiatura,e1_0.numero_documento_identidad,e1_0.observaciones,e1_0.tipo_documento_identidad,e1_0.updated_at,e1_0.user_id from empleado e1_0 where e1_0.id=? for update
Hibernate: select count(c1_0.id)>0 from citas c1_0 where c1_0.empleado_id=? and (cast(? as varchar) is null or c1_0.id<>?) and c1_0.estado not in ('CANCELADA','ELIMINADA') and c1_0.eliminada=false and c1_0.fecha_hora_inicio<? and c1_0.fecha_hora_fin>?
Hibernate: select count(c1_0.id)>0 from citas c1_0 where c1_0.mascota_id=? and (cast(? as varchar) is null or c1_0.id<>?) and c1_0.estado not in ('CANCELADA','ELIMINADA') and c1_0.eliminada=false and c1_0.fecha_hora_inicio<? and c1_0.fecha_hora_fin>?
Hibernate: select u1_0.id,u1_0.activo,u1_0.apellido,u1_0.company_id,u1_0.credentials_version,u1_0.direccion,u1_0.dni,u1_0.email,u1_0.email_verified,u1_0.nombre,u1_0.password,u1_0.password_changed,u1_0.telefono,u1_0.verification_token,u1_0.verification_token_expires_at from usuario u1_0 where u1_0.email=?
Hibernate: insert into citas (creado_por_user_id,created_at,duracion_minutos,eliminada,eliminado_at,eliminado_por_user_id,empleado_id,es_emergencia,estado,fecha_hora_fin,fecha_hora_inicio,mascota_id,monto_pagado,motivo_cancelacion,motivo_cita,motivo_reprogramacion,notas,numero_cita,reprogramado_at,reprogramado_por_user_id,servicio_id,total_servicio,updated_at,version,id) values (?,?,?,?,?,?,?,?,?,?,?,?,?,?,?,?,?,?,?,?,?,?,?,?,default)
2026-09-08T11:55:20.518-05:00  INFO 30024 --- [           main] v.v.service.impl.CitaServiceImpl         : Email de confirmación de cita enviado a cliente-a523c0f3-2ed8-49b2-a6cf-654e4b58813c@vargasvet.test para cita #CIT-20260908-7F2B64
Hibernate: select c1_0.id,c1_0.creado_por_user_id,c1_0.created_at,c1_0.duracion_minutos,c1_0.eliminada,c1_0.eliminado_at,c1_0.eliminado_por_user_id,c1_0.empleado_id,c1_0.es_emergencia,c1_0.estado,c1_0.fecha_hora_fin,c1_0.fecha_hora_inicio,c1_0.mascota_id,c1_0.monto_pagado,c1_0.motivo_cancelacion,c1_0.motivo_cita,c1_0.motivo_reprogramacion,c1_0.notas,c1_0.numero_cita,c1_0.reprogramado_at,c1_0.reprogramado_por_user_id,c1_0.servicio_id,c1_0.total_servicio,c1_0.updated_at,c1_0.version from citas c1_0
]]></system-out>
  </testcase>
  <testcase name="citaCanceladaActualmentePuedeReprogramarse" classname="veterinaria.vargasvet.service.impl.CitaServiceIntegrationTest" time="0.043">
    <system-out><![CDATA[Hibernate: insert into company (activo,address,business_hours,created_at,created_by,description,email,logo_url,name,phone,ruc,updated_at,updated_by,website,id) values (?,?,?,?,?,?,?,?,?,?,?,?,?,?,default)
Hibernate: insert into usuario (activo,apellido,company_id,credentials_version,direccion,dni,email,email_verified,nombre,password,password_changed,telefono,verification_token,verification_token_expires_at,id) values (?,?,?,?,?,?,?,?,?,?,?,?,?,?,default)
Hibernate: insert into apoderado (created_at,estado_modificado_por,fecha_modificacion_estado,genero,numero_documento,observaciones,referencias,tipo_documento_identidad,updated_at,user_id,id) values (?,?,?,?,?,?,?,?,?,?,default)
Hibernate: insert into mascota (activo,apoderado_id,color,created_at,especie,estado_modificado_por,esterilizado,fecha_modificacion_estado,fecha_nacimiento,foto_url,motivo_baja,nombre_completo,numero_microchip,observaciones,otra_especie,otro_motivo_baja,peso,raza_id,senas_particulares,sexo,updated_at,uuid,id) values (?,?,?,?,?,?,?,?,?,?,?,?,?,?,?,?,?,?,?,?,?,?,default)
Hibernate: insert into usuario (activo,apellido,company_id,credentials_version,direccion,dni,email,email_verified,nombre,password,password_changed,telefono,verification_token,verification_token_expires_at,id) values (?,?,?,?,?,?,?,?,?,?,?,?,?,?,default)
Hibernate: insert into empleado (created_at,estado,estado_modificado_por,fecha_modificacion_estado,fecha_nacimiento,foto_url,genero,numero_colegiatura,numero_documento_identidad,observaciones,tipo_documento_identidad,updated_at,user_id,id) values (?,?,?,?,?,?,?,?,?,?,?,?,?,default)
Hibernate: insert into servicios (activo,company_id,created_at,descripcion,disponible,duracion_estimada,nombre,permite_emergencia,precio,tipo_control_preventivo,tipo_empleado_id,updated_at,id) values (?,?,?,?,?,?,?,?,?,?,?,?,default)
Hibernate: insert into citas (creado_por_user_id,created_at,duracion_minutos,eliminada,eliminado_at,eliminado_por_user_id,empleado_id,es_emergencia,estado,fecha_hora_fin,fecha_hora_inicio,mascota_id,monto_pagado,motivo_cancelacion,motivo_cita,motivo_reprogramacion,notas,numero_cita,reprogramado_at,reprogramado_por_user_id,servicio_id,total_servicio,updated_at,version,id) values (?,?,?,?,?,?,?,?,?,?,?,?,?,?,?,?,?,?,?,?,?,?,?,?,default)
Hibernate: update citas set creado_por_user_id=?,created_at=?,duracion_minutos=?,eliminada=?,eliminado_at=?,eliminado_por_user_id=?,empleado_id=?,es_emergencia=?,estado=?,fecha_hora_fin=?,fecha_hora_inicio=?,mascota_id=?,monto_pagado=?,motivo_cancelacion=?,motivo_cita=?,motivo_reprogramacion=?,notas=?,numero_cita=?,reprogramado_at=?,reprogramado_por_user_id=?,servicio_id=?,total_servicio=?,updated_at=?,version=? where id=? and version=?
Hibernate: select count(c1_0.id)>0 from citas c1_0 where c1_0.empleado_id=? and (cast(? as varchar) is null or c1_0.id<>?) and c1_0.estado not in ('CANCELADA','ELIMINADA') and c1_0.eliminada=false and c1_0.fecha_hora_inicio<? and c1_0.fecha_hora_fin>?
Hibernate: select count(c1_0.id)>0 from citas c1_0 where c1_0.mascota_id=? and (cast(? as varchar) is null or c1_0.id<>?) and c1_0.estado not in ('CANCELADA','ELIMINADA') and c1_0.eliminada=false and c1_0.fecha_hora_inicio<? and c1_0.fecha_hora_fin>?
Hibernate: select u1_0.id,u1_0.activo,u1_0.apellido,u1_0.company_id,u1_0.credentials_version,u1_0.direccion,u1_0.dni,u1_0.email,u1_0.email_verified,u1_0.nombre,u1_0.password,u1_0.password_changed,u1_0.telefono,u1_0.verification_token,u1_0.verification_token_expires_at from usuario u1_0 where u1_0.email=?
]]></system-out>
  </testcase>
  <testcase name="iniciarAtencionCreaHistoriaClinicaConsultaYActualizaEstadoDeCita" classname="veterinaria.vargasvet.service.impl.CitaServiceIntegrationTest" time="0.044">
    <system-out><![CDATA[Hibernate: insert into company (activo,address,business_hours,created_at,created_by,description,email,logo_url,name,phone,ruc,updated_at,updated_by,website,id) values (?,?,?,?,?,?,?,?,?,?,?,?,?,?,default)
Hibernate: insert into usuario (activo,apellido,company_id,credentials_version,direccion,dni,email,email_verified,nombre,password,password_changed,telefono,verification_token,verification_token_expires_at,id) values (?,?,?,?,?,?,?,?,?,?,?,?,?,?,default)
Hibernate: insert into apoderado (created_at,estado_modificado_por,fecha_modificacion_estado,genero,numero_documento,observaciones,referencias,tipo_documento_identidad,updated_at,user_id,id) values (?,?,?,?,?,?,?,?,?,?,default)
Hibernate: insert into mascota (activo,apoderado_id,color,created_at,especie,estado_modificado_por,esterilizado,fecha_modificacion_estado,fecha_nacimiento,foto_url,motivo_baja,nombre_completo,numero_microchip,observaciones,otra_especie,otro_motivo_baja,peso,raza_id,senas_particulares,sexo,updated_at,uuid,id) values (?,?,?,?,?,?,?,?,?,?,?,?,?,?,?,?,?,?,?,?,?,?,default)
Hibernate: insert into usuario (activo,apellido,company_id,credentials_version,direccion,dni,email,email_verified,nombre,password,password_changed,telefono,verification_token,verification_token_expires_at,id) values (?,?,?,?,?,?,?,?,?,?,?,?,?,?,default)
Hibernate: insert into empleado (created_at,estado,estado_modificado_por,fecha_modificacion_estado,fecha_nacimiento,foto_url,genero,numero_colegiatura,numero_documento_identidad,observaciones,tipo_documento_identidad,updated_at,user_id,id) values (?,?,?,?,?,?,?,?,?,?,?,?,?,default)
Hibernate: insert into servicios (activo,company_id,created_at,descripcion,disponible,duracion_estimada,nombre,permite_emergencia,precio,tipo_control_preventivo,tipo_empleado_id,updated_at,id) values (?,?,?,?,?,?,?,?,?,?,?,?,default)
Hibernate: insert into citas (creado_por_user_id,created_at,duracion_minutos,eliminada,eliminado_at,eliminado_por_user_id,empleado_id,es_emergencia,estado,fecha_hora_fin,fecha_hora_inicio,mascota_id,monto_pagado,motivo_cancelacion,motivo_cita,motivo_reprogramacion,notas,numero_cita,reprogramado_at,reprogramado_por_user_id,servicio_id,total_servicio,updated_at,version,id) values (?,?,?,?,?,?,?,?,?,?,?,?,?,?,?,?,?,?,?,?,?,?,?,?,default)
Hibernate: select count(c1_0.id) from citas c1_0 where c1_0.empleado_id=? and c1_0.estado='EN_PROCESO' and c1_0.eliminada=false and c1_0.id<>?
Hibernate: select hc1_0.id,hc1_0.activa,hc1_0.antecedentes_familiares,hc1_0.antecedentes_personales,hc1_0.created_at,hc1_0.enfermedades,hc1_0.grupo_sanguineo,hc1_0.mascota_id,hc1_0.numero_hc,hc1_0.procedimientos,hc1_0.updated_at from historia_clinica hc1_0 left join mascota m1_0 on m1_0.id=hc1_0.mascota_id where m1_0.id=?
Hibernate: insert into historia_clinica (activa,antecedentes_familiares,antecedentes_personales,created_at,enfermedades,grupo_sanguineo,mascota_id,numero_hc,procedimientos,updated_at,id) values (?,?,?,?,?,?,?,?,?,?,default)
Hibernate: insert into consulta (anamnesis,cerrado_por,cita_id,created_at,desparasitacion_aplicada,estado,examen_fisico,fecha_cierre,fecha_consulta,frecuencia_cardiaca,frecuencia_respiratoria,historia_clinica_id,indicaciones_receta,motivo_consulta,mucosas,observacion_desparasitacion,observacion_vacunacion,observaciones,peso_en_consulta,temperatura,tipo_consulta,turgencia_piel,updated_at,vacunacion_aplicada,version,veterinario_id,id) values (?,?,?,?,?,?,?,?,?,?,?,?,?,?,?,?,?,?,?,?,?,?,?,?,?,?,default)
Hibernate: select hc1_0.id,hc1_0.activa,hc1_0.antecedentes_familiares,hc1_0.antecedentes_personales,hc1_0.created_at,hc1_0.enfermedades,hc1_0.grupo_sanguineo,hc1_0.mascota_id,hc1_0.numero_hc,hc1_0.procedimientos,hc1_0.updated_at from historia_clinica hc1_0 left join mascota m1_0 on m1_0.id=hc1_0.mascota_id where m1_0.id=?
]]></system-out>
  </testcase>
  <testcase name="repositorioDetectaCruceDeHorarioDelVeterinario" classname="veterinaria.vargasvet.service.impl.CitaServiceIntegrationTest" time="0.027">
    <system-out><![CDATA[Hibernate: insert into company (activo,address,business_hours,created_at,created_by,description,email,logo_url,name,phone,ruc,updated_at,updated_by,website,id) values (?,?,?,?,?,?,?,?,?,?,?,?,?,?,default)
Hibernate: insert into usuario (activo,apellido,company_id,credentials_version,direccion,dni,email,email_verified,nombre,password,password_changed,telefono,verification_token,verification_token_expires_at,id) values (?,?,?,?,?,?,?,?,?,?,?,?,?,?,default)
Hibernate: insert into apoderado (created_at,estado_modificado_por,fecha_modificacion_estado,genero,numero_documento,observaciones,referencias,tipo_documento_identidad,updated_at,user_id,id) values (?,?,?,?,?,?,?,?,?,?,default)
Hibernate: insert into mascota (activo,apoderado_id,color,created_at,especie,estado_modificado_por,esterilizado,fecha_modificacion_estado,fecha_nacimiento,foto_url,motivo_baja,nombre_completo,numero_microchip,observaciones,otra_especie,otro_motivo_baja,peso,raza_id,senas_particulares,sexo,updated_at,uuid,id) values (?,?,?,?,?,?,?,?,?,?,?,?,?,?,?,?,?,?,?,?,?,?,default)
Hibernate: insert into usuario (activo,apellido,company_id,credentials_version,direccion,dni,email,email_verified,nombre,password,password_changed,telefono,verification_token,verification_token_expires_at,id) values (?,?,?,?,?,?,?,?,?,?,?,?,?,?,default)
Hibernate: insert into empleado (created_at,estado,estado_modificado_por,fecha_modificacion_estado,fecha_nacimiento,foto_url,genero,numero_colegiatura,numero_documento_identidad,observaciones,tipo_documento_identidad,updated_at,user_id,id) values (?,?,?,?,?,?,?,?,?,?,?,?,?,default)
Hibernate: insert into servicios (activo,company_id,created_at,descripcion,disponible,duracion_estimada,nombre,permite_emergencia,precio,tipo_control_preventivo,tipo_empleado_id,updated_at,id) values (?,?,?,?,?,?,?,?,?,?,?,?,default)
Hibernate: insert into citas (creado_por_user_id,created_at,duracion_minutos,eliminada,eliminado_at,eliminado_por_user_id,empleado_id,es_emergencia,estado,fecha_hora_fin,fecha_hora_inicio,mascota_id,monto_pagado,motivo_cancelacion,motivo_cita,motivo_reprogramacion,notas,numero_cita,reprogramado_at,reprogramado_por_user_id,servicio_id,total_servicio,updated_at,version,id) values (?,?,?,?,?,?,?,?,?,?,?,?,?,?,?,?,?,?,?,?,?,?,?,?,default)
Hibernate: select count(c1_0.id)>0 from citas c1_0 where c1_0.empleado_id=? and (cast(? as varchar) is null or c1_0.id<>?) and c1_0.estado not in ('CANCELADA','ELIMINADA') and c1_0.eliminada=false and c1_0.fecha_hora_inicio<? and c1_0.fecha_hora_fin>?
]]></system-out>
  </testcase>
  <testcase name="agendarCitaEnFechaPasadaEsRechazado" classname="veterinaria.vargasvet.service.impl.CitaServiceIntegrationTest" time="0.037">
    <system-out><![CDATA[Hibernate: insert into company (activo,address,business_hours,created_at,created_by,description,email,logo_url,name,phone,ruc,updated_at,updated_by,website,id) values (?,?,?,?,?,?,?,?,?,?,?,?,?,?,default)
Hibernate: insert into usuario (activo,apellido,company_id,credentials_version,direccion,dni,email,email_verified,nombre,password,password_changed,telefono,verification_token,verification_token_expires_at,id) values (?,?,?,?,?,?,?,?,?,?,?,?,?,?,default)
Hibernate: insert into apoderado (created_at,estado_modificado_por,fecha_modificacion_estado,genero,numero_documento,observaciones,referencias,tipo_documento_identidad,updated_at,user_id,id) values (?,?,?,?,?,?,?,?,?,?,default)
Hibernate: insert into mascota (activo,apoderado_id,color,created_at,especie,estado_modificado_por,esterilizado,fecha_modificacion_estado,fecha_nacimiento,foto_url,motivo_baja,nombre_completo,numero_microchip,observaciones,otra_especie,otro_motivo_baja,peso,raza_id,senas_particulares,sexo,updated_at,uuid,id) values (?,?,?,?,?,?,?,?,?,?,?,?,?,?,?,?,?,?,?,?,?,?,default)
Hibernate: insert into usuario (activo,apellido,company_id,credentials_version,direccion,dni,email,email_verified,nombre,password,password_changed,telefono,verification_token,verification_token_expires_at,id) values (?,?,?,?,?,?,?,?,?,?,?,?,?,?,default)
Hibernate: insert into empleado (created_at,estado,estado_modificado_por,fecha_modificacion_estado,fecha_nacimiento,foto_url,genero,numero_colegiatura,numero_documento_identidad,observaciones,tipo_documento_identidad,updated_at,user_id,id) values (?,?,?,?,?,?,?,?,?,?,?,?,?,default)
Hibernate: insert into servicios (activo,company_id,created_at,descripcion,disponible,duracion_estimada,nombre,permite_emergencia,precio,tipo_control_preventivo,tipo_empleado_id,updated_at,id) values (?,?,?,?,?,?,?,?,?,?,?,?,default)
Hibernate: insert into citas (creado_por_user_id,created_at,duracion_minutos,eliminada,eliminado_at,eliminado_por_user_id,empleado_id,es_emergencia,estado,fecha_hora_fin,fecha_hora_inicio,mascota_id,monto_pagado,motivo_cancelacion,motivo_cita,motivo_reprogramacion,notas,numero_cita,reprogramado_at,reprogramado_por_user_id,servicio_id,total_servicio,updated_at,version,id) values (?,?,?,?,?,?,?,?,?,?,?,?,?,?,?,?,?,?,?,?,?,?,?,?,default)
Hibernate: delete from citas where id=? and version=?
Hibernate: select e1_0.id,e1_0.created_at,e1_0.estado,e1_0.estado_modificado_por,e1_0.fecha_modificacion_estado,e1_0.fecha_nacimiento,e1_0.foto_url,e1_0.genero,e1_0.numero_colegiatura,e1_0.numero_documento_identidad,e1_0.observaciones,e1_0.tipo_documento_identidad,e1_0.updated_at,e1_0.user_id from empleado e1_0 where e1_0.id=? for update
Hibernate: select c1_0.id,c1_0.creado_por_user_id,c1_0.created_at,c1_0.duracion_minutos,c1_0.eliminada,c1_0.eliminado_at,c1_0.eliminado_por_user_id,c1_0.empleado_id,c1_0.es_emergencia,c1_0.estado,c1_0.fecha_hora_fin,c1_0.fecha_hora_inicio,c1_0.mascota_id,c1_0.monto_pagado,c1_0.motivo_cancelacion,c1_0.motivo_cita,c1_0.motivo_reprogramacion,c1_0.notas,c1_0.numero_cita,c1_0.reprogramado_at,c1_0.reprogramado_por_user_id,c1_0.servicio_id,c1_0.total_servicio,c1_0.updated_at,c1_0.version from citas c1_0
]]></system-out>
  </testcase>
</testsuite>