<?xml version="1.0" encoding="UTF-8"?>
<testsuite xmlns:xsi="http://www.w3.org/2001/XMLSchema-instance" xsi:noNamespaceSchemaLocation="https://maven.apache.org/surefire/maven-surefire-plugin/xsd/surefire-test-report.xsd" version="3.0.2" name="veterinaria.vargasvet.security.CookieSecurityFilterTest" time="0.199" tests="3" errors="0" skipped="0" failures="0">
  <properties>
[...]
</properties>
  <testcase name="lecturaNoRequiereCabeceraOrigin" classname="veterinaria.vargasvet.security.CookieSecurityFilterTest" time="0.07"/>
  <testcase name="rechazaLoginSinOrigenConfiable" classname="veterinaria.vargasvet.security.CookieSecurityFilterTest" time="0.03"/>
  <testcase name="aceptaOperacionConCookieDesdeOrigenPermitido" classname="veterinaria.vargasvet.security.CookieSecurityFilterTest" time="0.002"/>
</testsuite>